<?xml version="1.0" encoding="UTF-8"?>
<testsuite xmlns:xsi="http://www.w3.org/2001/XMLSchema-instance" xsi:noNamespaceSchemaLocation="https://maven.apache.org/surefire/maven-surefire-plugin/xsd/surefire-test-report.xsd" name="com.upna.kata0.v2.ClassroomTest" time="0.02" tests="3" errors="0" skipped="0" failures="0">
  <properties>
[...]
</properties>
  <testcase name="testGetsStudentsOrderedByAscendingGrade" classname="com.upna.kata0.v2.ClassroomTest" time="0.014"/>
  <testcase name="testThereIsAStudentBelowMean" classname="com.upna.kata0.v2.ClassroomTest" time="0"/>
  <testcase name="testThereIsNoStudentBelowMeanHavingEmptyClass" classname="com.upna.kata0.v2.ClassroomTest" time="0.001"/>
</testsuite>